
=== Wed Apr 24 09:44:07 2019

Packages were changed.
Update Mode: updateDependencies

The following packages were updated:
  com.unity.collab-proxy from version 1.2.15 to 1.2.16
  com.unity.package-manager-ui from version 2.1.1 to 2.1.2
  com.unity.purchasing from version 2.0.3 to 2.0.6
  com.unity.textmeshpro from version 1.3.0 to 2.0.0
  com.unity.xr.legacyinputhelpers from version 1.0.0 to 2.0.2

=== Sun Jun  2 13:26:46 2019

Packages were changed.
Update Mode: updateDependencies

The following packages were updated:
  com.unity.textmeshpro from version 2.0.0 to 2.0.1

=== Mon Oct 14 13:27:42 2019

Packages were changed.
Update Mode: updateDependencies

The following packages were added:
  com.unity.2d.tilemap@1.0.0
  com.unity.ext.nunit@1.0.0
  com.unity.test-framework@1.0.13
  com.unity.2d.sprite@1.0.0
  com.unity.ide.vscode@1.1.0
  com.unity.ide.rider@1.1.0
  com.unity.ugui@1.0.0
  com.unity.modules.androidjni@1.0.0
The following packages were updated:
  com.unity.package-manager-ui from version 2.1.2 to 2.2.0
  com.unity.timeline from version 1.0.0 to 1.1.0

=== Tue May 19 12:23:31 2020

Packages were changed.
Update Mode: updateDependencies

The following packages were updated:
  com.unity.ads from version 2.3.1 to 3.4.4
  com.unity.analytics from version 3.3.2 to 3.3.5
  com.unity.ide.rider from version 1.1.0 to 1.1.4
  com.unity.ide.vscode from version 1.1.0 to 1.2.0
  com.unity.test-framework from version 1.0.13 to 1.1.13
  com.unity.timeline from version 1.1.0 to 1.2.6
  com.unity.xr.legacyinputhelpers from version 2.0.2 to 2.1.3
The following packages were removed:
  com.unity.package-manager-ui@2.2.0

=== Sat Dec 12 18:34:19 2020

Packages were changed.
Update Mode: updateDependencies

The following packages were added:
  com.unity.ide.visualstudio@2.0.5
The following packages were updated:
  com.unity.ads from version 3.4.4 to 3.5.2
  com.unity.analytics from version 3.3.5 to 3.5.3
  com.unity.collab-proxy from version 1.2.16 to 1.3.9
  com.unity.ext.nunit from version 1.0.0 to 1.0.5
  com.unity.ide.rider from version 1.1.4 to 1.2.1
  com.unity.ide.vscode from version 1.2.0 to 1.2.3
  com.unity.purchasing from version 2.0.6 to 2.2.1
  com.unity.test-framework from version 1.1.13 to 1.1.19
  com.unity.textmeshpro from version 2.0.1 to 3.0.1
  com.unity.xr.legacyinputhelpers from version 2.1.3 to 2.1.6

=== Sun Aug 29 15:02:58 2021

Packages were changed.
Update Mode: updateDependencies

The following packages were updated:
  com.unity.ads from version 3.5.2 to 3.7.5
  com.unity.collab-proxy from version 1.3.9 to 1.7.1
  com.unity.ext.nunit from version 1.0.5 to 1.0.6
  com.unity.ide.rider from version 1.2.1 to 2.0.7
  com.unity.ide.visualstudio from version 2.0.5 to 2.0.11
  com.unity.purchasing from version 2.2.1 to 3.2.2
  com.unity.test-framework from version 1.1.19 to 1.1.27
  com.unity.textmeshpro from version 3.0.1 to 3.0.6
  com.unity.timeline from version 1.2.6 to 1.4.8
  com.unity.xr.legacyinputhelpers from version 2.1.6 to 2.1.8
